********************************************************************************
DUPLICATOR-LITE PACKAGE-LOG: 11/11/2022 18:59
NOTICE: Do NOT post to public sites or forums 
********************************************************************************
VERSION:	1.5.0
WORDPRESS:	6.1
PHP INFO:	8.0.7 | SAPI: apache2handler
SERVER:		Apache/2.4.48 (Win64) OpenSSL/1.1.1k PHP/8.0.7 
PHP TIME LIMIT: (0) no time limit imposed 
PHP MAX MEMORY: 4294967296 (512M default) 
MEMORY STACK: 14MB

********************************************************************************
DATABASE:
********************************************************************************
BUILD MODE:   MYSQLDUMP
MYSQLTIMEOUT: 5000
MYSQLDUMP:    Is Supported
SQL CREATED: 20221027_sistemacgae04_77c08399efe437d41253_20221111185729_database.sql
SQL FILE SIZE: 4.35MB (4560902)
SQL FILE TIME: 2022-11-11 18:59:16
SQL RUNTIME: 5.57 sec.

********************************************************************************
ARCHIVE (ZIP):
********************************************************************************
ARCHIVE DIR:  C:/xampp/htdocs/modelos/sistema-cgae
ARCHIVE FILE: 20221027_sistemacgae04_77c08399efe437d41253_20221111185729_archive.zip
FILTERS: *OFF*
DIRS:
	not set
FILES:
	not set
EXTS:  not set
----------------------------------------
COMPRESSING
SIZE:	156.46MB
STATS:	Dirs 1,307 | Files 6,594
SQL ADDED: 20221027_sistemacgae04_77c08399efe437d41253_20221111185729_database.sql
ZipArchive Object
(
    [lastId] => 7900
    [status] => 0
    [statusSys] => 0
    [numFiles] => 7901
    [filename] => C:\xampp\htdocs\modelos\sistema-cgae\wp-content\backups-dup-lite\tmp\20221027_sistemacgae04_77c08399efe437d41253_20221111185729_archive.zip
    [comment] => 
)

FILE ADDED TO ZIP: 7900
COMPRESSION RESULT: '1'
COMPRESSED SIZE: 49.67MB
ARCHIVE RUNTIME: 122.95 sec.
MEMORY STACK: 16MB
building installer
ARCHIVE CONSISTENCY TEST: PASS

********************************************************************************
INTEGRITY CHECKS:
********************************************************************************
SQL FILE: 4.35MB
INSTALLER FILE: 73.36KB
ARCHIVE FILE: 51.55MB 
EXPECTED FILE/DIRECTORY COUNT: 7,901
ACTUAL FILE/DIRECTORY COUNT: 7,900
ARCHIVE CONSISTENCY TEST: Pass

********************************************************************************
RECORD ID:[5]
TOTAL PROCESS RUNTIME: 132.99 sec.
PEAK PHP MEMORY USED: 18MB
DONE PROCESSING => 20221027_sistemacgae04 11/11/2022 19:01

