********************************************************************************
DUPLICATOR-LITE PACKAGE-LOG: 11/04/2022 18:25
NOTICE: Do NOT post to public sites or forums 
********************************************************************************
VERSION:	1.5.0
WORDPRESS:	6.0.3
PHP INFO:	8.0.7 | SAPI: apache2handler
SERVER:		Apache/2.4.48 (Win64) OpenSSL/1.1.1k PHP/8.0.7 
PHP TIME LIMIT: (0) no time limit imposed 
PHP MAX MEMORY: 4294967296 (512M default) 
MEMORY STACK: 6MB

********************************************************************************
DATABASE:
********************************************************************************
BUILD MODE:   MYSQLDUMP
MYSQLTIMEOUT: 5000
MYSQLDUMP:    Is Supported
SQL CREATED: 20221027_sistemacgae03_96439472f6a323172418_20221104182538_database.sql
SQL FILE SIZE: 4.33MB (4536872)
SQL FILE TIME: 2022-11-04 18:26:06
SQL RUNTIME: 6.63 sec.

********************************************************************************
ARCHIVE (ZIP):
********************************************************************************
ARCHIVE DIR:  C:/xampp/htdocs/modelos/sistema-cgae
ARCHIVE FILE: 20221027_sistemacgae03_96439472f6a323172418_20221104182538_archive.zip
FILTERS: *OFF*
DIRS:
	not set
FILES:
	not set
EXTS:  not set
----------------------------------------
COMPRESSING
SIZE:	151.62MB
STATS:	Dirs 1,294 | Files 6,492
SQL ADDED: 20221027_sistemacgae03_96439472f6a323172418_20221104182538_database.sql
ZipArchive Object
(
    [lastId] => 7785
    [status] => 0
    [statusSys] => 0
    [numFiles] => 7786
    [filename] => C:\xampp\htdocs\modelos\sistema-cgae\wp-content\backups-dup-lite\tmp\20221027_sistemacgae03_96439472f6a323172418_20221104182538_archive.zip
    [comment] => 
)

FILE ADDED TO ZIP: 7785
COMPRESSION RESULT: '1'
COMPRESSED SIZE: 47.29MB
ARCHIVE RUNTIME: 178.50 sec.
MEMORY STACK: 8MB
building installer
ARCHIVE CONSISTENCY TEST: PASS

********************************************************************************
INTEGRITY CHECKS:
********************************************************************************
SQL FILE: 4.33MB
INSTALLER FILE: 73.36KB
ARCHIVE FILE: 49.16MB 
EXPECTED FILE/DIRECTORY COUNT: 7,786
ACTUAL FILE/DIRECTORY COUNT: 7,785
ARCHIVE CONSISTENCY TEST: Pass

********************************************************************************
RECORD ID:[4]
TOTAL PROCESS RUNTIME: 190.46 sec.
PEAK PHP MEMORY USED: 10MB
DONE PROCESSING => 20221027_sistemacgae03 11/04/2022 18:29

