********************************************************************************
DUPLICATOR-LITE PACKAGE-LOG: 12/08/2022 18:14
NOTICE: Do NOT post to public sites or forums 
********************************************************************************
VERSION:	1.5.0
WORDPRESS:	6.1
PHP INFO:	8.0.7 | SAPI: apache2handler
SERVER:		Apache/2.4.48 (Win64) OpenSSL/1.1.1k PHP/8.0.7 
PHP TIME LIMIT: (0) no time limit imposed 
PHP MAX MEMORY: 4294967296 (512M default) 
MEMORY STACK: 8MB

********************************************************************************
DATABASE:
********************************************************************************
BUILD MODE:   MYSQLDUMP
MYSQLTIMEOUT: 5000
MYSQLDUMP:    Is Supported
SQL CREATED: 20221027_sistemacgae07_24f340114e97f72f6390_20221208181406_database.sql
SQL FILE SIZE: 5.43MB (5693154)
SQL FILE TIME: 2022-12-08 18:14:35
SQL RUNTIME: 9.66 sec.

********************************************************************************
ARCHIVE (ZIP):
********************************************************************************
ARCHIVE DIR:  C:/xampp/htdocs/modelos/sistema-cgae
ARCHIVE FILE: 20221027_sistemacgae07_24f340114e97f72f6390_20221208181406_archive.zip
FILTERS: *OFF*
DIRS:
	not set
FILES:
	not set
EXTS:  not set
----------------------------------------
COMPRESSING
SIZE:	157MB
STATS:	Dirs 1,308 | Files 6,607
SQL ADDED: 20221027_sistemacgae07_24f340114e97f72f6390_20221208181406_database.sql
ZipArchive Object
(
    [lastId] => 7914
    [status] => 0
    [statusSys] => 0
    [numFiles] => 7915
    [filename] => C:\xampp\htdocs\modelos\sistema-cgae\wp-content\backups-dup-lite\tmp\20221027_sistemacgae07_24f340114e97f72f6390_20221208181406_archive.zip
    [comment] => 
)

FILE ADDED TO ZIP: 7914
COMPRESSION RESULT: '1'
COMPRESSED SIZE: 50MB
ARCHIVE RUNTIME: 106.58 sec.
MEMORY STACK: 10MB
building installer
ARCHIVE CONSISTENCY TEST: PASS

********************************************************************************
INTEGRITY CHECKS:
********************************************************************************
SQL FILE: 5.43MB
INSTALLER FILE: 73.36KB
ARCHIVE FILE: 51.87MB 
EXPECTED FILE/DIRECTORY COUNT: 7,915
ACTUAL FILE/DIRECTORY COUNT: 7,914
ARCHIVE CONSISTENCY TEST: Pass

********************************************************************************
RECORD ID:[8]
TOTAL PROCESS RUNTIME: 118.76 sec.
PEAK PHP MEMORY USED: 12MB
DONE PROCESSING => 20221027_sistemacgae07 12/08/2022 18:16

