********************************************************************************
DUPLICATOR-LITE PACKAGE-LOG: 11/18/2022 17:10
NOTICE: Do NOT post to public sites or forums 
********************************************************************************
VERSION:	1.5.0
WORDPRESS:	6.1
PHP INFO:	8.0.7 | SAPI: apache2handler
SERVER:		Apache/2.4.48 (Win64) OpenSSL/1.1.1k PHP/8.0.7 
PHP TIME LIMIT: (0) no time limit imposed 
PHP MAX MEMORY: 4294967296 (512M default) 
MEMORY STACK: 16MB

********************************************************************************
DATABASE:
********************************************************************************
BUILD MODE:   MYSQLDUMP
MYSQLTIMEOUT: 5000
MYSQLDUMP:    Is Supported
SQL CREATED: 20221027_sistemacgae05_c53c88ca2dbcbf0b8398_20221118171018_database.sql
SQL FILE SIZE: 5.23MB (5488486)
SQL FILE TIME: 2022-11-18 17:10:49
SQL RUNTIME: 5.97 sec.

********************************************************************************
ARCHIVE (ZIP):
********************************************************************************
ARCHIVE DIR:  C:/xampp/htdocs/modelos/sistema-cgae
ARCHIVE FILE: 20221027_sistemacgae05_c53c88ca2dbcbf0b8398_20221118171018_archive.zip
FILTERS: *OFF*
DIRS:
	not set
FILES:
	not set
EXTS:  not set
----------------------------------------
COMPRESSING
SIZE:	177.55MB
STATS:	Dirs 1,646 | Files 7,556
SQL ADDED: 20221027_sistemacgae05_c53c88ca2dbcbf0b8398_20221118171018_database.sql
ZipArchive Object
(
    [lastId] => 9201
    [status] => 0
    [statusSys] => 0
    [numFiles] => 9202
    [filename] => C:\xampp\htdocs\modelos\sistema-cgae\wp-content\backups-dup-lite\tmp\20221027_sistemacgae05_c53c88ca2dbcbf0b8398_20221118171018_archive.zip
    [comment] => 
)

FILE ADDED TO ZIP: 9201
COMPRESSION RESULT: '1'
COMPRESSED SIZE: 62.85MB
ARCHIVE RUNTIME: 218.87 sec.
MEMORY STACK: 18MB
building installer
ARCHIVE CONSISTENCY TEST: PASS

********************************************************************************
INTEGRITY CHECKS:
********************************************************************************
SQL FILE: 5.23MB
INSTALLER FILE: 73.36KB
ARCHIVE FILE: 64.74MB 
EXPECTED FILE/DIRECTORY COUNT: 9,202
ACTUAL FILE/DIRECTORY COUNT: 9,201
ARCHIVE CONSISTENCY TEST: Pass

********************************************************************************
RECORD ID:[6]
TOTAL PROCESS RUNTIME: 229.54 sec.
PEAK PHP MEMORY USED: 20MB
DONE PROCESSING => 20221027_sistemacgae05 11/18/2022 17:14

