********************************************************************************
DUPLICATOR-LITE PACKAGE-LOG: 11/28/2022 10:13
NOTICE: Do NOT post to public sites or forums 
********************************************************************************
VERSION:	1.5.0
WORDPRESS:	6.1
PHP INFO:	8.0.7 | SAPI: apache2handler
SERVER:		Apache/2.4.48 (Win64) OpenSSL/1.1.1k PHP/8.0.7 
PHP TIME LIMIT: (0) no time limit imposed 
PHP MAX MEMORY: 4294967296 (512M default) 
MEMORY STACK: 6MB

********************************************************************************
DATABASE:
********************************************************************************
BUILD MODE:   MYSQLDUMP
MYSQLTIMEOUT: 5000
MYSQLDUMP:    Is Supported
SQL CREATED: 20221027_sistemacgae06_1d338acb2cdb52876849_20221128101236_database.sql
SQL FILE SIZE: 4.42MB (4632957)
SQL FILE TIME: 2022-11-28 10:13:38
SQL RUNTIME: 5.77 sec.

********************************************************************************
ARCHIVE (ZIP):
********************************************************************************
ARCHIVE DIR:  C:/xampp/htdocs/modelos/sistema-cgae
ARCHIVE FILE: 20221027_sistemacgae06_1d338acb2cdb52876849_20221128101236_archive.zip
FILTERS: *OFF*
DIRS:
	not set
FILES:
	not set
EXTS:  not set
----------------------------------------
COMPRESSING
SIZE:	159.39MB
STATS:	Dirs 1,646 | Files 6,718
SQL ADDED: 20221027_sistemacgae06_1d338acb2cdb52876849_20221128101236_database.sql
ZipArchive Object
(
    [lastId] => 8363
    [status] => 0
    [statusSys] => 0
    [numFiles] => 8364
    [filename] => C:\xampp\htdocs\modelos\sistema-cgae\wp-content\backups-dup-lite\tmp\20221027_sistemacgae06_1d338acb2cdb52876849_20221128101236_archive.zip
    [comment] => 
)

FILE ADDED TO ZIP: 8363
COMPRESSION RESULT: '1'
COMPRESSED SIZE: 50.48MB
ARCHIVE RUNTIME: 171.90 sec.
MEMORY STACK: 8MB
building installer
ARCHIVE CONSISTENCY TEST: PASS

********************************************************************************
INTEGRITY CHECKS:
********************************************************************************
SQL FILE: 4.42MB
INSTALLER FILE: 73.36KB
ARCHIVE FILE: 52.36MB 
EXPECTED FILE/DIRECTORY COUNT: 8,364
ACTUAL FILE/DIRECTORY COUNT: 8,363
ARCHIVE CONSISTENCY TEST: Pass

********************************************************************************
RECORD ID:[7]
TOTAL PROCESS RUNTIME: 181.37 sec.
PEAK PHP MEMORY USED: 10MB
DONE PROCESSING => 20221027_sistemacgae06 11/28/2022 10:16

