********************************************************************************
DUPLICATOR-LITE PACKAGE-LOG: 10/27/2022 19:12
NOTICE: Do NOT post to public sites or forums 
********************************************************************************
VERSION:	1.5.0
WORDPRESS:	6.0.3
PHP INFO:	8.0.7 | SAPI: apache2handler
SERVER:		Apache/2.4.48 (Win64) OpenSSL/1.1.1k PHP/8.0.7 
PHP TIME LIMIT: (0) no time limit imposed 
PHP MAX MEMORY: 4294967296 (512M default) 
MEMORY STACK: 6MB

********************************************************************************
DATABASE:
********************************************************************************
BUILD MODE:   MYSQLDUMP
MYSQLTIMEOUT: 5000
MYSQLDUMP:    Is Supported
SQL CREATED: 20221027_sistemacgae_bf82750d65b0d0a74697_20221027191201_database.sql
SQL FILE SIZE: 5.27MB (5524462)
SQL FILE TIME: 2022-10-27 19:12:36
SQL RUNTIME: 6.15 sec.

********************************************************************************
ARCHIVE (ZIP):
********************************************************************************
ARCHIVE DIR:  C:/xampp/htdocs/modelos/sistema-cgae
ARCHIVE FILE: 20221027_sistemacgae_bf82750d65b0d0a74697_20221027191201_archive.zip
FILTERS: *OFF*
DIRS:
	not set
FILES:
	not set
EXTS:  not set
----------------------------------------
COMPRESSING
SIZE:	151.61MB
STATS:	Dirs 1,293 | Files 6,491
SQL ADDED: 20221027_sistemacgae_bf82750d65b0d0a74697_20221027191201_database.sql
ZipArchive Object
(
    [lastId] => 7783
    [status] => 0
    [statusSys] => 0
    [numFiles] => 7784
    [filename] => C:\xampp\htdocs\modelos\sistema-cgae\wp-content\backups-dup-lite\tmp\20221027_sistemacgae_bf82750d65b0d0a74697_20221027191201_archive.zip
    [comment] => 
)

FILE ADDED TO ZIP: 7783
COMPRESSION RESULT: '1'
COMPRESSED SIZE: 47.51MB
ARCHIVE RUNTIME: 160.99 sec.
MEMORY STACK: 8MB
building installer
ARCHIVE CONSISTENCY TEST: PASS

********************************************************************************
INTEGRITY CHECKS:
********************************************************************************
SQL FILE: 5.27MB
INSTALLER FILE: 73.36KB
ARCHIVE FILE: 49.38MB 
EXPECTED FILE/DIRECTORY COUNT: 7,784
ACTUAL FILE/DIRECTORY COUNT: 7,783
ARCHIVE CONSISTENCY TEST: Pass

********************************************************************************
RECORD ID:[3]
TOTAL PROCESS RUNTIME: 171.61 sec.
PEAK PHP MEMORY USED: 10MB
DONE PROCESSING => 20221027_sistemacgae 10/27/2022 19:15

